<?xml version="1.0" encoding="UTF-8"?>
<!-- Generated by org.testng.reporters.JUnitReportReporter -->
<testsuite hostname="DESKTOP-R07G6OK" failures="0" tests="1" name="test.LogintoActitime" time="25.498" errors="0" timestamp="27 Mar 2021 21:08:28 GMT" skipped="0">
  <testcase classname="test.LogintoActitime" name="logintoActitime" time="25.498"/>
</testsuite> <!-- test.LogintoActitime -->
